# JRE version: OpenJDK Runtime Environment JBR-17.0.5+1-653.23-jcef (17.0.5+1) (build 17.0.5+1-b653.23)
# Java VM: OpenJDK 64-Bit Server VM JBR-17.0.5+1-653.23-jcef (17.0.5+1-b653.23, mixed mode, tiered, compressed oops, compressed class ptrs, g1 gc, windows-amd64)
GC Precious Log:
 CPUs: 12 total, 12 available
 Memory: 16306M
 Large Page Support: Disabled
 NUMA Support: Disabled
 Compressed Oops: Enabled (32-bit)
 Heap Region Size: 1M
 Heap Min Capacity: 128M
 Heap Initial Capacity: 128M
 Heap Max Capacity: 750M
 Pre-touch: Disabled
 Parallel Workers: 10
 Concurrent Workers: 3
 Concurrent Refinement Workers: 10
 Periodic GC: Disabled
Heap:
 garbage-first heap   total 131072K, used 20132K [0x00000000d1200000, 0x0000000100000000)
  region size 1024K, 12 young (12288K), 0 survivors (0K)
 Metaspace       used 25000K, committed 25216K, reserved 1073152K
  class space    used 2520K, committed 2624K, reserved 1048576K
GC Heap History (12 events):
Event: 0.918 GC heap before
{Heap before GC invocations=0 (full 0):
 garbage-first heap   total 131072K, used 25600K [0x00000000d1200000, 0x0000000100000000)
  region size 1024K, 23 young (23552K), 0 survivors (0K)
 Metaspace       used 21326K, committed 21504K, reserved 1073152K
  class space    used 2262K, committed 2368K, reserved 1048576K
}
Event: 0.923 GC heap after
{Heap after GC invocations=1 (full 0):
 garbage-first heap   total 131072K, used 8665K [0x00000000d1200000, 0x0000000100000000)
  region size 1024K, 3 young (3072K), 3 survivors (3072K)
 Metaspace       used 21326K, committed 21504K, reserved 1073152K
  class space    used 2262K, committed 2368K, reserved 1048576K
}
Event: 1056.086 GC heap before
{Heap before GC invocations=2 (full 0):
 garbage-first heap   total 131072K, used 26073K [0x00000000d1200000, 0x0000000100000000)
  region size 1024K, 20 young (20480K), 3 survivors (3072K)
 Metaspace       used 24140K, committed 24384K, reserved 1073152K
  class space    used 2481K, committed 2560K, reserved 1048576K
}
Event: 1056.089 GC heap after
{Heap after GC invocations=3 (full 0):
 garbage-first heap   total 131072K, used 10001K [0x00000000d1200000, 0x0000000100000000)
  region size 1024K, 2 young (2048K), 2 survivors (2048K)
 Metaspace       used 24140K, committed 24384K, reserved 1073152K
  class space    used 2481K, committed 2560K, reserved 1048576K
}
Event: 3600.928 GC heap before
{Heap before GC invocations=3 (full 0):
 garbage-first heap   total 131072K, used 18193K [0x00000000d1200000, 0x0000000100000000)
  region size 1024K, 11 young (11264K), 2 survivors (2048K)
 Metaspace       used 24318K, committed 24576K, reserved 1073152K
  class space    used 2483K, committed 2560K, reserved 1048576K
}
Event: 3600.938 GC heap after
{Heap after GC invocations=4 (full 1):
 garbage-first heap   total 131072K, used 9012K [0x00000000d1200000, 0x0000000100000000)
  region size 1024K, 0 young (0K), 0 survivors (0K)
 Metaspace       used 24185K, committed 24576K, reserved 1073152K
  class space    used 2452K, committed 2560K, reserved 1048576K
}
Event: 7200.938 GC heap before
{Heap before GC invocations=4 (full 1):
 garbage-first heap   total 131072K, used 20276K [0x00000000d1200000, 0x0000000100000000)
  region size 1024K, 12 young (12288K), 0 survivors (0K)
 Metaspace       used 24313K, committed 24640K, reserved 1073152K
  class space    used 2460K, committed 2560K, reserved 1048576K
}
Event: 7200.948 GC heap after
{Heap after GC invocations=5 (full 2):
 garbage-first heap   total 131072K, used 9280K [0x00000000d1200000, 0x0000000100000000)
  region size 1024K, 0 young (0K), 0 survivors (0K)
 Metaspace       used 24313K, committed 24640K, reserved 1073152K
  class space    used 2460K, committed 2560K, reserved 1048576K
}
Event: 10800.948 GC heap before
{Heap before GC invocations=5 (full 2):
 garbage-first heap   total 131072K, used 18496K [0x00000000d1200000, 0x0000000100000000)
  region size 1024K, 10 young (10240K), 0 survivors (0K)
 Metaspace       used 24449K, committed 24704K, reserved 1073152K
  class space    used 2468K, committed 2560K, reserved 1048576K
}
Event: 10800.958 GC heap after
{Heap after GC invocations=6 (full 3):
 garbage-first heap   total 131072K, used 9080K [0x00000000d1200000, 0x0000000100000000)
  region size 1024K, 0 young (0K), 0 survivors (0K)
 Metaspace       used 24425K, committed 24704K, reserved 1073152K
  class space    used 2464K, committed 2560K, reserved 1048576K
}
Event: 14400.959 GC heap before
{Heap before GC invocations=6 (full 3):
 garbage-first heap   total 131072K, used 15224K [0x00000000d1200000, 0x0000000100000000)
  region size 1024K, 7 young (7168K), 0 survivors (0K)
 Metaspace       used 24426K, committed 24704K, reserved 1073152K
  class space    used 2464K, committed 2560K, reserved 1048576K
}
Event: 14400.970 GC heap after
{Heap after GC invocations=7 (full 4):
 garbage-first heap   total 131072K, used 8868K [0x00000000d1200000, 0x0000000100000000)
  region size 1024K, 0 young (0K), 0 survivors (0K)
 Metaspace       used 24360K, committed 24704K, reserved 1073152K
  class space    used 2453K, committed 2560K, reserved 1048576K
}

